C51 COMPILER V9.02   COLORS                                                                04/22/2018 12:31:08 PAGE 1   


C51 COMPILER V9.02, COMPILATION OF MODULE COLORS
OBJECT MODULE PLACED IN ..\Output\Colors.obj
COMPILER INVOKED BY: C:\Keil\C51\BIN\C51.EXE ..\Code\DirverCode\Colors.C BROWSE INCDIR(..\Code\DeveloperCode\inc;..\Code
                    -\DirverCode\inc;..\Code\Public\inc) DEBUG OBJECTEXTEND PRINT(..\Listing\Colors.lst) OBJECT(..\Output\Colors.obj)

line level    source

   1          /* *******************************************************************************************
   2          // Author: biu~
   3          // Last Date:2018/04/22
   4          /* ******************************************************************************************* */
   5          #include "Colors.H"
   6          
   7          #define PWM_DUTY_MAX    255 // 0~255    PWM周期, 最大255
   8          #define PWM_ON          0   // 定义占空比的电平, 1 或 0
   9          #define PWM_OFF         (!PWM_ON)
  10          
  11          #define PWM_BLUE    0
  12          #define PWM_GREEN   1
  13          #define PWM_RED     2
  14          
  15          #define PWM_ACCELERATE1 0xA0
  16          #define PWM_ACCELERATE2 0xC7
  17          sbit Color_Blue = P3^1;
  18          sbit Color_Green = P3^2;
  19          sbit Color_Red = P3^3;
  20          data u8 PwmDuty[3];
  21          /* *******************************************************************************************
  22          // 定时器PWM输出初始化：
  23          /* ******************************************************************************************* */
  24          void TimerPWM_Init()
  25          {
  26   1          PwmDuty[PWM_BLUE] = 0x00;
  27   1          PwmDuty[PWM_GREEN] = 0x00;
  28   1          PwmDuty[PWM_RED] = 0x00;
  29   1      }
  30                    
  31          /* *******************************************************************************************
  32          // 定时器控制PWM输出 
  33          /* ******************************************************************************************* */
  34          void TimerPWM()
  35          {
  36   1          static data u8 temp_pwm_duty = 0;
  37   1          if(temp_pwm_duty == PwmDuty[PWM_BLUE]) Color_Blue = PWM_OFF;       //判断PWM占空比是否结束；
  38   1          if(temp_pwm_duty == PwmDuty[PWM_GREEN]) Color_Green = PWM_OFF;
  39   1          if(temp_pwm_duty == PwmDuty[PWM_RED]) Color_Red = PWM_OFF;
  40   1              
  41   1          if(++temp_pwm_duty == PWM_DUTY_MAX)                 //PWM周期结束，重新开始新的周期；
  42   1          {
  43   2              temp_pwm_duty = 0;
  44   2              if (PwmDuty[PWM_BLUE] != 0)                     //在PWM占空为0时不开启灯光；
  45   2                  Color_Blue = PWM_ON;
  46   2              if (PwmDuty[PWM_GREEN] != 0)
  47   2                  Color_Green = PWM_ON;
  48   2              if (PwmDuty[PWM_RED] != 0)
  49   2                  Color_Red = PWM_ON;
  50   2          }
  51   1      }
  52          
  53          /* *******************************************************************************************
  54          // PWM占空改变功能函数：某_bit（颜色）占空比增加至 temp_pwm
C51 COMPILER V9.02   COLORS                                                                04/22/2018 12:31:08 PAGE 2   

  55          /* ******************************************************************************************* */
  56          bit TimerPWM_Duty_Add(u8 _bit, u8 temp_pwm)
  57          {
  58   1          if (temp_pwm > PwmDuty[_bit])
  59   1          {
  60   2              if (PwmDuty[_bit] >= PWM_ACCELERATE2 && PwmDuty[_bit] < 0xFD)   //亮度较高时，由于人眼对较亮的灯光
             -亮度改变感受不明显，进行加速处理；
  61   2              {
  62   3                  PwmDuty[_bit] += 3;
  63   3              }
  64   2              else if (PwmDuty[_bit] >= PWM_ACCELERATE1 && PwmDuty[_bit] < 0xFE)
  65   2              {
  66   3                  PwmDuty[_bit] += 2;
  67   3              }
  68   2              else
  69   2              {
  70   3                  PwmDuty[_bit] ++;
  71   3              }
  72   2          }  
  73   1          else 
  74   1          {
  75   2              return TRUE;
  76   2          }  
  77   1          return FALSE;
  78   1      }
  79          
  80          /* *******************************************************************************************
  81          // PWM占空改变功能函数：某_bit（颜色）占空比减至 temp_pwm
  82          /* ******************************************************************************************* */
  83          bit TimerPWM_Duty_Dec(u8 _bit, u8 temp_pwm)
  84          {
  85   1          if (temp_pwm < PwmDuty[_bit])
  86   1          {
  87   2              if (PwmDuty >= PWM_ACCELERATE2) //亮度较高时，由于人眼对较亮的灯光亮度改变感受不明显，进行加速处理
             -；
  88   2              {
  89   3                  PwmDuty[_bit] -= 3;
  90   3              }
  91   2              else if (PwmDuty[_bit] >= PWM_ACCELERATE1)
  92   2              {
  93   3                  PwmDuty[_bit] -= 2;
  94   3              }
  95   2              else
  96   2              {
  97   3                  PwmDuty[_bit] --;
  98   3              }
  99   2          }
 100   1          else 
 101   1          {
 102   2              return TRUE;
 103   2          }  
 104   1          return FALSE;
 105   1      }
 106          
 107          #define DEC 0
 108          #define ADD 1
 109          
 110          #define BLUE_RED    1
 111          #define BLUE_GREEN  2
 112          #define RED_GREEN   3
 113          /* *******************************************************************************************
 114          // 定时器延时函数 
C51 COMPILER V9.02   COLORS                                                                04/22/2018 12:31:08 PAGE 3   

 115          // 参数1为x个100MS，最大延时不超过25.5S；
 116          // 参数2为基准时间为多少毫秒，SLOW模式与FAST模式均有自己的基准时长；
 117          /* ******************************************************************************************* */
 118          static bit TimerDelay(u8 x_100ms, u8 base_ms)
 119          {
 120   1          static u16 Cp;
 121   1          static u8 x_Cp;
 122   1          if (++Cp >= (100 / base_ms))
 123   1          {
 124   2              Cp = 0;
 125   2              x_Cp ++;
 126   2              if (x_100ms <= x_Cp)
 127   2              {
 128   3                  x_Cp = 0;
 129   3                  return TRUE;
 130   3              }
 131   2          }
 132   1          return FALSE;  
 133   1      }
 134          /* *******************************************************************************************
 135          // 多（双）颜色亮度控制
 136          /* ******************************************************************************************* */
 137          static bit conColorsPWM(u8 colors, bit color1_dec_or_inc, u8 temp_color1, bit color2_dec_or_inc, u8 temp_c
             -olor2)
 138          {
 139   1          auto u8 count = 0;
 140   1          switch (colors)
 141   1          {
 142   2              case BLUE_RED:
 143   2              {
 144   3                  if ((color1_dec_or_inc == DEC) ? TimerPWM_Duty_Dec(PWM_BLUE, temp_color1) : TimerPWM_Duty_Add(
             -PWM_BLUE, temp_color1))
 145   3                  {
 146   4                      count ++;
 147   4                  }
 148   3                  if ((color2_dec_or_inc == DEC) ? TimerPWM_Duty_Dec(PWM_RED, temp_color2) : TimerPWM_Duty_Add(P
             -WM_RED, temp_color2))
 149   3                  {
 150   4                      count ++;
 151   4                  }
 152   3              }
 153   2                  break;
 154   2              case BLUE_GREEN:
 155   2              {
 156   3                  if ((color1_dec_or_inc == DEC) ? TimerPWM_Duty_Dec(PWM_BLUE, temp_color1) : TimerPWM_Duty_Add(
             -PWM_BLUE, temp_color1))
 157   3                  {
 158   4                      count ++;
 159   4                  }
 160   3                  if ((color2_dec_or_inc == DEC) ? TimerPWM_Duty_Dec(PWM_GREEN, temp_color2) : TimerPWM_Duty_Add
             -(PWM_GREEN, temp_color2))
 161   3                  {
 162   4                      count ++;
 163   4                  }
 164   3              }
 165   2                  break;
 166   2              case RED_GREEN:
 167   2              {
 168   3                  if ((color1_dec_or_inc == DEC) ? TimerPWM_Duty_Dec(PWM_RED, temp_color1) : TimerPWM_Duty_Add(P
             -WM_RED, temp_color1))
 169   3                  {
 170   4                      count ++;
C51 COMPILER V9.02   COLORS                                                                04/22/2018 12:31:08 PAGE 4   

 171   4                  }
 172   3                  if ((color2_dec_or_inc == DEC) ? TimerPWM_Duty_Dec(PWM_GREEN, temp_color2) : TimerPWM_Duty_Add
             -(PWM_GREEN, temp_color2))
 173   3                  {
 174   4                      count ++;
 175   4                  }
 176   3              }
 177   2                  break;
 178   2              default:
 179   2                  break;
 180   2          }
 181   1          return ((count == 2) ? TRUE : FALSE);
 182   1      }
 183          
 184          /* *******************************************************************************************
 185          // 所有颜色渐熄
 186          /* ******************************************************************************************* */
 187          static bit conAllColorsOff()
 188          {
 189   1          auto u8 count = 0;
 190   1          if (TimerPWM_Duty_Dec(PWM_BLUE, 0))
 191   1          {
 192   2              count ++;
 193   2          }
 194   1          if (TimerPWM_Duty_Dec(PWM_GREEN, 0))
 195   1          {
 196   2              count ++;
 197   2          }
 198   1          if (TimerPWM_Duty_Dec(PWM_RED, 0))
 199   1          {
 200   2              count ++;
 201   2          }
 202   1          return ((count == 3) ? TRUE : FALSE);
 203   1      }
 204          
 205          #define SLOW 0
 206          #define FAST 1
 207          
 208          //bit conSpeed = SLOW;
 209          bit conSpeed = SLOW;
 210          /* *******************************************************************************************
 211          // PWM占空比改变控制：慢速
 212          /* ******************************************************************************************* */
 213          void Con_TimerPWM_Duty_Slow()
 214          {
 215   1          static u8 mode = 0;         //当前模式；
 216   1          if (conSpeed == SLOW)
 217   1          {
 218   2              switch (mode)
 219   2              {
 220   3      //            case 0: if (TimerPWM_Duty_Add(PWM_BLUE, PWM_DUTY_MAX) == 1) {mode ++;}
 221   3                  case 0: if (TimerPWM_Duty_Add(PWM_BLUE, PWM_DUTY_MAX)) {mode ++;}
 222   3                      break; 
 223   3                  case 1: if (TimerPWM_Duty_Dec(PWM_BLUE, 0))
 224   3                              if (TimerDelay(2, TIME_BASE_2ND/1000)) {mode ++;}   //单蓝灯呼吸一次；
 225   3                      break; 
 226   3                  case 2: if (TimerPWM_Duty_Add(PWM_RED, PWM_DUTY_MAX))           //红灯渐亮，后逐渐变紫；
 227   3                              if (TimerPWM_Duty_Add(PWM_BLUE, PWM_DUTY_MAX)) {mode ++;}
 228   3                      break; 
 229   3                  case 3: if (TimerPWM_Duty_Dec(PWM_RED, 0))                      //紫灯渐蓝，后逐渐变为靛蓝（或
             -者叫做青？），再后为绿；
 230   3                              if (TimerPWM_Duty_Add(PWM_GREEN, PWM_DUTY_MAX))
C51 COMPILER V9.02   COLORS                                                                04/22/2018 12:31:08 PAGE 5   

 231   3                                  if (TimerPWM_Duty_Dec(PWM_BLUE, 0)) {mode ++;}      
 232   3                      break;                                                          
 233   3                  case 4: if (TimerPWM_Duty_Add(PWM_RED, PWM_DUTY_MAX))           //绿渐变为黄，后渐变为红，渐熄
             -；
 234   3                              if (TimerPWM_Duty_Dec(PWM_GREEN, 0)) {mode ++;}          
 235   3                      break;
 236   3                  case 5: if (TimerPWM_Duty_Dec(PWM_RED, 0))                       //红渐熄，切换为快速变换；
 237   3                              if (TimerDelay(2, TIME_BASE_2ND/1000)) {mode ++; conSpeed = FAST;}
 238   3                      break;
 239   3                  default:if (conAllColorsOff()) {mode = 0;}
 240   3                      break;
 241   3              }
 242   2          }
 243   1      }
 244          
 245          /* *******************************************************************************************
 246          // PWM占空比改变控制：快速
 247          /* ******************************************************************************************* */
 248          void Con_TimerPWM_Duty_Fast()
 249          {
 250   1          static u8 mode = 0;         //当前模式；
 251   1          if (conSpeed == FAST)
 252   1          {
 253   2      //#define BLUE_RED    1
 254   2      //#define BLUE_GREEN  2
 255   2      //#define RED_GREEN   3
 256   2              switch (mode)
 257   2              {
 258   3                  case 0: if (TimerPWM_Duty_Add(PWM_GREEN, PWM_DUTY_MAX)) {mode ++;}
 259   3                      break;
 260   3                  case 1: if (TimerPWM_Duty_Dec(PWM_GREEN, PWM_DUTY_MAX/3*2)) 
 261   3                              if (TimerPWM_Duty_Add(PWM_RED, PWM_DUTY_MAX))
 262   3                                  if (TimerDelay(3, TIME_BASE_3RD/1000)) {mode ++;}
 263   3                      break;
 264   3                  case 2: if (conColorsPWM(RED_GREEN, DEC, PWM_DUTY_MAX/3, DEC, 0))
 265   3                              if (TimerPWM_Duty_Add(PWM_BLUE, PWM_DUTY_MAX/3)) {mode ++;}
 266   3                      break;
 267   3                  case 3: if (conColorsPWM(BLUE_RED, ADD, PWM_DUTY_MAX, ADD, PWM_DUTY_MAX/3*2))
 268   3                              if (TimerDelay(3, TIME_BASE_3RD/1000)) {mode ++;}
 269   3                      break;
 270   3                  case 4: if (conColorsPWM(BLUE_RED, DEC, PWM_DUTY_MAX/3, DEC, 0)) {mode ++;}
 271   3                      break;
 272   3                  case 5: if (conColorsPWM(BLUE_GREEN, ADD, PWM_DUTY_MAX, ADD, PWM_DUTY_MAX))
 273   3                              if (TimerDelay(3, TIME_BASE_3RD/1000)) {mode ++;}
 274   3                      break;
 275   3                  case 6: if (conColorsPWM(BLUE_GREEN, DEC, PWM_DUTY_MAX/5, DEC, PWM_DUTY_MAX/5))
 276   3                              if (TimerPWM_Duty_Add(PWM_RED, PWM_DUTY_MAX))
 277   3                                  if (TimerDelay(3, TIME_BASE_3RD/1000)) {mode ++;}
 278   3                      break;
 279   3                  case 7: if (conAllColorsOff())
 280   3                              if (TimerDelay(3, TIME_BASE_3RD/1000)) {mode ++; conSpeed = SLOW;}
 281   3                      break;
 282   3                                   
 283   3      //            case 4: if(conColorsPWM(RED_GREEN, ADD, 255, ADD, 240)) {mode ++;}
 284   3      //                break;
 285   3      //            case 5: if(conColorsPWM(RED_GREEN, DEC, 230, DEC, 140)) {mode ++;}
 286   3      //                break;
 287   3      //            case 6: if(conColorsPWM(BLUE_GREEN, ADD, 255, ADD, 230)) {mode ++;}
 288   3      //                break;
 289   3                  default:if (conAllColorsOff()) {mode = 0;}
 290   3                      break;
 291   3              }
C51 COMPILER V9.02   COLORS                                                                04/22/2018 12:31:08 PAGE 6   

 292   2          }
 293   1      }


MODULE INFORMATION:   STATIC OVERLAYABLE
   CODE SIZE        =    780    ----
   CONSTANT SIZE    =   ----    ----
   XDATA SIZE       =   ----    ----
   PDATA SIZE       =   ----    ----
   DATA SIZE        =      9       3
   IDATA SIZE       =   ----    ----
   BIT SIZE         =      1       2
END OF MODULE INFORMATION.


C51 COMPILATION COMPLETE.  0 WARNING(S),  0 ERROR(S)
