C51 COMPILER V9.02   MAIN                                                                  04/22/2018 12:31:07 PAGE 1   


C51 COMPILER V9.02, COMPILATION OF MODULE MAIN
OBJECT MODULE PLACED IN ..\Output\MAIN.obj
COMPILER INVOKED BY: C:\Keil\C51\BIN\C51.EXE ..\Code\Public\MAIN.C BROWSE INCDIR(..\Code\DeveloperCode\inc;..\Code\Dirve
                    -rCode\inc;..\Code\Public\inc) DEBUG OBJECTEXTEND PRINT(..\Listing\MAIN.lst) OBJECT(..\Output\MAIN.obj)

line level    source

   1          /* *******************************************************************************************
   2          // 主函数
   3          // 注： 程序整体框架及更新日志请阅读Readme，单个函数请右键Go To(需要正常的Listing文件？)；
   4          /* ******************************************************************************************* */
   5          #include "MAIN.H"
   6          
   7          /* *******************************************************************************************
   8          // 主函数
   9          /* ******************************************************************************************* */
  10          void main()
  11          {
  12   1          // 系统自检与系统初始化：
  13   1          SysSelftest_And_SysInit();
  14   1          // 进入主循环：
  15   1          while (1)
  16   1          {
  17   2              // 下载检测：
  18   2              STC_ISP();
  19   2      
  20   2              //
  21   2      
  22   2          }
  23   1      }


MODULE INFORMATION:   STATIC OVERLAYABLE
   CODE SIZE        =      8    ----
   CONSTANT SIZE    =   ----    ----
   XDATA SIZE       =   ----    ----
   PDATA SIZE       =   ----    ----
   DATA SIZE        =   ----    ----
   IDATA SIZE       =   ----    ----
   BIT SIZE         =   ----    ----
END OF MODULE INFORMATION.


C51 COMPILATION COMPLETE.  0 WARNING(S),  0 ERROR(S)
