C51 COMPILER V9.02   TIME_BASE                                                             04/21/2018 17:36:46 PAGE 1   


C51 COMPILER V9.02, COMPILATION OF MODULE TIME_BASE
OBJECT MODULE PLACED IN ..\Output\TIME_BASE.obj
COMPILER INVOKED BY: C:\Keil\C51\BIN\C51.EXE ..\Code\Public\TIME_BASE.C BROWSE INCDIR(..\Code\DeveloperCode\inc;..\Code\
                    -DirverCode\inc;..\Code\Public\inc) DEBUG OBJECTEXTEND PRINT(..\Listing\TIME_BASE.lst) OBJECT(..\Output\TIME_BASE.obj)

line level    source

   1          /* *******************************************************************************************
   2          // Author:      biu~
   3          // Last Date:   2018/02/XX
   4          // 以定时器溢出为时间基准，周期性的调用的函数
   5          // 时基处理部分，及时基处理初始化
   6          /* ******************************************************************************************* */
   7          
   8          #include "TIME_BASE.H"
   9          
  10          /* *******************************************************************************************
  11          // 时基时钟初始化
  12          /* ******************************************************************************************* */
  13          // 利用STC-ISP软件导出此函数：
  14          static void Timer0Init(void)            //50微秒@24.000MHz
  15          {
  16   1              AUXR |= 0x80;           //定时器时钟1T模式
  17   1              TMOD &= 0xF0;           //设置定时器模式
  18   1              TL0 = 0x50;             //设置定时初值
  19   1              TH0 = 0xFB;             //设置定时初值
  20   1              TF0 = 0;                //清除TF0标志
  21   1              TR0 = 1;                //定时器0开始计时
  22   1      }
  23          
  24          // 时基定时器初始化并开启中断总开关：
  25          void InitInterrupt()
  26          {
  27   1      #ifdef T_0
  28   1          Timer0Init();
  29   1          ET0 = 1;
  30   1      #elif T_1
                  Timer1Init();
                  ET1 = 1;
              #elif T_2
                  Timer2Init();
                  IE2 |= 0x04;
              #endif
  37   1          EA = 1;
  38   1      }
  39          
  40          /* *******************************************************************************************
  41          // 时基处理部分
  42          /* ******************************************************************************************* */
  43          void Timer_TimeBase_Isr () interrupt 1 using 1
  44          {
  45   1          static u16 cp0, cp1, cp2;
  46   1          if (++ cp0 > OVERFLOW_TIMES_1ST)
  47   1          {
  48   2              cp0 = 0;
  49   2              // 以OVERFLOW_TIMES_1ST为时基：
  50   2      //        ReceiveIRdata4();
  51   2          }
  52   1          if (++ cp1 > OVERFLOW_TIMES_2ND)
  53   1          {
  54   2              cp1 = 0;
C51 COMPILER V9.02   TIME_BASE                                                             04/21/2018 17:36:46 PAGE 2   

  55   2              // 以OVERFLOW_TIMES_2ND为时基：
  56   2              Con_TimerPWM_Duty_Slow();
  57   2          }
  58   1          if (++ cp2 > OVERFLOW_TIMES_3RD)
  59   1          {
  60   2              cp2 = 0;
  61   2              // 以OVERFLOW_TIMES_3RD为时基：
  62   2              Con_TimerPWM_Duty_Fast();
  63   2          }
  64   1          // 以定时器溢出时长为时基：
  65   1          TimerPWM();
  66   1      }


MODULE INFORMATION:   STATIC OVERLAYABLE
   CODE SIZE        =    152    ----
   CONSTANT SIZE    =   ----    ----
   XDATA SIZE       =   ----    ----
   PDATA SIZE       =   ----    ----
   DATA SIZE        =      6    ----
   IDATA SIZE       =   ----    ----
   BIT SIZE         =   ----    ----
END OF MODULE INFORMATION.


C51 COMPILATION COMPLETE.  0 WARNING(S),  0 ERROR(S)
